Namespace(problem='TF_fsi', theta=None, fluid=None, solid=None, extrapolation=None, extrapolation_sub_type=None, bc_ids=None, Um=None, rho_f=None, mu_f=None, rho_s=None, mu_s=None, nu_s=None, lambda_s=None, gravity=None, dx_f_id=None, dx_s_id=None, linear_solver=None, atol=None, rtol=None, max_it=None, lmbda=None, recompute=None, compiler_parameters=None, verbose=None, loglevel=None, save_step=None, dt=None, T=None, p_deg=None, v_deg=None, d_deg=None, new_arguments=None)
Namespace(problem='TF_fsi', theta=None, fluid=None, solid=None, extrapolation=None, extrapolation_sub_type=None, bc_ids=None, Um=None, rho_f=None, mu_f=None, rho_s=None, mu_s=None, nu_s=None, lambda_s=None, gravity=None, dx_f_id=None, dx_s_id=None, linear_solver=None, atol=None, rtol=None, max_it=None, lmbda=None, recompute=None, compiler_parameters=None, verbose=None, loglevel=None, save_step=None, dt=None, T=None, p_deg=None, v_deg=None, d_deg=None, new_arguments=None)
Namespace(problem='TF_fsi', theta=None, fluid=None, solid=None, extrapolation=None, extrapolation_sub_type=None, bc_ids=None, Um=None, rho_f=None, mu_f=None, rho_s=None, mu_s=None, nu_s=None, lambda_s=None, gravity=None, dx_f_id=None, dx_s_id=None, linear_solver=None, atol=None, rtol=None, max_it=None, lmbda=None, recompute=None, compiler_parameters=None, verbose=None, loglevel=None, save_step=None, dt=None, T=None, p_deg=None, v_deg=None, d_deg=None, new_arguments=None)
Namespace(problem='TF_fsi', theta=None, fluid=None, solid=None, extrapolation=None, extrapolation_sub_type=None, bc_ids=None, Um=None, rho_f=None, mu_f=None, rho_s=None, mu_s=None, nu_s=None, lambda_s=None, gravity=None, dx_f_id=None, dx_s_id=None, linear_solver=None, atol=None, rtol=None, max_it=None, lmbda=None, recompute=None, compiler_parameters=None, verbose=None, loglevel=None, save_step=None, dt=None, T=None, p_deg=None, v_deg=None, d_deg=None, new_arguments=None)
Namespace(problem='TF_fsi', theta=None, fluid=None, solid=None, extrapolation=None, extrapolation_sub_type=None, bc_ids=None, Um=None, rho_f=None, mu_f=None, rho_s=None, mu_s=None, nu_s=None, lambda_s=None, gravity=None, dx_f_id=None, dx_s_id=None, linear_solver=None, atol=None, rtol=None, max_it=None, lmbda=None, recompute=None, compiler_parameters=None, verbose=None, loglevel=None, save_step=None, dt=None, T=None, p_deg=None, v_deg=None, d_deg=None, new_arguments=None)
Namespace(problem='TF_fsi', theta=None, fluid=None, solid=None, extrapolation=None, extrapolation_sub_type=None, bc_ids=None, Um=None, rho_f=None, mu_f=None, rho_s=None, mu_s=None, nu_s=None, lambda_s=None, gravity=None, dx_f_id=None, dx_s_id=None, linear_solver=None, atol=None, rtol=None, max_it=None, lmbda=None, recompute=None, compiler_parameters=None, verbose=None, loglevel=None, save_step=None, dt=None, T=None, p_deg=None, v_deg=None, d_deg=None, new_arguments=None)
Namespace(problem='TF_fsi', theta=None, fluid=None, solid=None, extrapolation=None, extrapolation_sub_type=None, bc_ids=None, Um=None, rho_f=None, mu_f=None, rho_s=None, mu_s=None, nu_s=None, lambda_s=None, gravity=None, dx_f_id=None, dx_s_id=None, linear_solver=None, atol=None, rtol=None, max_it=None, lmbda=None, recompute=None, compiler_parameters=None, verbose=None, loglevel=None, save_step=None, dt=None, T=None, p_deg=None, v_deg=None, d_deg=None, new_arguments=None)
Namespace(problem='TF_fsi', theta=None, fluid=None, solid=None, extrapolation=None, extrapolation_sub_type=None, bc_ids=None, Um=None, rho_f=None, mu_f=None, rho_s=None, mu_s=None, nu_s=None, lambda_s=None, gravity=None, dx_f_id=None, dx_s_id=None, linear_solver=None, atol=None, rtol=None, max_it=None, lmbda=None, recompute=None, compiler_parameters=None, verbose=None, loglevel=None, save_step=None, dt=None, T=None, p_deg=None, v_deg=None, d_deg=None, new_arguments=None)
Namespace(problem='TF_fsi', theta=None, fluid=None, solid=None, extrapolation=None, extrapolation_sub_type=None, bc_ids=None, Um=None, rho_f=None, mu_f=None, rho_s=None, mu_s=None, nu_s=None, lambda_s=None, gravity=None, dx_f_id=None, dx_s_id=None, linear_solver=None, atol=None, rtol=None, max_it=None, lmbda=None, recompute=None, compiler_parameters=None, verbose=None, loglevel=None, save_step=None, dt=None, T=None, p_deg=None, v_deg=None, d_deg=None, new_arguments=None)
Namespace(problem='TF_fsi', theta=None, fluid=None, solid=None, extrapolation=None, extrapolation_sub_type=None, bc_ids=None, Um=None, rho_f=None, mu_f=None, rho_s=None, mu_s=None, nu_s=None, lambda_s=None, gravity=None, dx_f_id=None, dx_s_id=None, linear_solver=None, atol=None, rtol=None, max_it=None, lmbda=None, recompute=None, compiler_parameters=None, verbose=None, loglevel=None, save_step=None, dt=None, T=None, p_deg=None, v_deg=None, d_deg=None, new_arguments=None)
/home/yifanwan/Membrane_pancreas_FSI/NSBiot_lowp/TF_fsi.py
/home/yifanwan/Membrane_pancreas_FSI/NSBiot_lowp/TF_fsi.py
/home/yifanwan/Membrane_pancreas_FSI/NSBiot_lowp/TF_fsi.py
/home/yifanwan/Membrane_pancreas_FSI/NSBiot_lowp/TF_fsi.py
/home/yifanwan/Membrane_pancreas_FSI/NSBiot_lowp/TF_fsi.py
/home/yifanwan/Membrane_pancreas_FSI/NSBiot_lowp/TF_fsi.py
/home/yifanwan/Membrane_pancreas_FSI/NSBiot_lowp/TF_fsi.py
/home/yifanwan/Membrane_pancreas_FSI/NSBiot_lowp/TF_fsi.py
/home/yifanwan/Membrane_pancreas_FSI/NSBiot_lowp/TF_fsi.py
/home/yifanwan/Membrane_pancreas_FSI/NSBiot_lowp/TF_fsi.py
Namespace(problem='TF_fsi', theta=None, fluid=None, solid=None, extrapolation=None, extrapolation_sub_type=None, bc_ids=None, Um=None, rho_f=None, mu_f=None, rho_s=None, mu_s=None, nu_s=None, lambda_s=None, gravity=None, dx_f_id=None, dx_s_id=None, linear_solver=None, atol=None, rtol=None, max_it=None, lmbda=None, recompute=None, compiler_parameters=None, verbose=None, loglevel=None, save_step=None, dt=None, T=None, p_deg=None, v_deg=None, d_deg=None, new_arguments=None)
Namespace(problem='TF_fsi', theta=None, fluid=None, solid=None, extrapolation=None, extrapolation_sub_type=None, bc_ids=None, Um=None, rho_f=None, mu_f=None, rho_s=None, mu_s=None, nu_s=None, lambda_s=None, gravity=None, dx_f_id=None, dx_s_id=None, linear_solver=None, atol=None, rtol=None, max_it=None, lmbda=None, recompute=None, compiler_parameters=None, verbose=None, loglevel=None, save_step=None, dt=None, T=None, p_deg=None, v_deg=None, d_deg=None, new_arguments=None)
Namespace(problem='TF_fsi', theta=None, fluid=None, solid=None, extrapolation=None, extrapolation_sub_type=None, bc_ids=None, Um=None, rho_f=None, mu_f=None, rho_s=None, mu_s=None, nu_s=None, lambda_s=None, gravity=None, dx_f_id=None, dx_s_id=None, linear_solver=None, atol=None, rtol=None, max_it=None, lmbda=None, recompute=None, compiler_parameters=None, verbose=None, loglevel=None, save_step=None, dt=None, T=None, p_deg=None, v_deg=None, d_deg=None, new_arguments=None)
Namespace(problem='TF_fsi', theta=None, fluid=None, solid=None, extrapolation=None, extrapolation_sub_type=None, bc_ids=None, Um=None, rho_f=None, mu_f=None, rho_s=None, mu_s=None, nu_s=None, lambda_s=None, gravity=None, dx_f_id=None, dx_s_id=None, linear_solver=None, atol=None, rtol=None, max_it=None, lmbda=None, recompute=None, compiler_parameters=None, verbose=None, loglevel=None, save_step=None, dt=None, T=None, p_deg=None, v_deg=None, d_deg=None, new_arguments=None)
Namespace(problem='TF_fsi', theta=None, fluid=None, solid=None, extrapolation=None, extrapolation_sub_type=None, bc_ids=None, Um=None, rho_f=None, mu_f=None, rho_s=None, mu_s=None, nu_s=None, lambda_s=None, gravity=None, dx_f_id=None, dx_s_id=None, linear_solver=None, atol=None, rtol=None, max_it=None, lmbda=None, recompute=None, compiler_parameters=None, verbose=None, loglevel=None, save_step=None, dt=None, T=None, p_deg=None, v_deg=None, d_deg=None, new_arguments=None)
Namespace(problem='TF_fsi', theta=None, fluid=None, solid=None, extrapolation=None, extrapolation_sub_type=None, bc_ids=None, Um=None, rho_f=None, mu_f=None, rho_s=None, mu_s=None, nu_s=None, lambda_s=None, gravity=None, dx_f_id=None, dx_s_id=None, linear_solver=None, atol=None, rtol=None, max_it=None, lmbda=None, recompute=None, compiler_parameters=None, verbose=None, loglevel=None, save_step=None, dt=None, T=None, p_deg=None, v_deg=None, d_deg=None, new_arguments=None)
Namespace(problem='TF_fsi', theta=None, fluid=None, solid=None, extrapolation=None, extrapolation_sub_type=None, bc_ids=None, Um=None, rho_f=None, mu_f=None, rho_s=None, mu_s=None, nu_s=None, lambda_s=None, gravity=None, dx_f_id=None, dx_s_id=None, linear_solver=None, atol=None, rtol=None, max_it=None, lmbda=None, recompute=None, compiler_parameters=None, verbose=None, loglevel=None, save_step=None, dt=None, T=None, p_deg=None, v_deg=None, d_deg=None, new_arguments=None)
Namespace(problem='TF_fsi', theta=None, fluid=None, solid=None, extrapolation=None, extrapolation_sub_type=None, bc_ids=None, Um=None, rho_f=None, mu_f=None, rho_s=None, mu_s=None, nu_s=None, lambda_s=None, gravity=None, dx_f_id=None, dx_s_id=None, linear_solver=None, atol=None, rtol=None, max_it=None, lmbda=None, recompute=None, compiler_parameters=None, verbose=None, loglevel=None, save_step=None, dt=None, T=None, p_deg=None, v_deg=None, d_deg=None, new_arguments=None)
Namespace(problem='TF_fsi', theta=None, fluid=None, solid=None, extrapolation=None, extrapolation_sub_type=None, bc_ids=None, Um=None, rho_f=None, mu_f=None, rho_s=None, mu_s=None, nu_s=None, lambda_s=None, gravity=None, dx_f_id=None, dx_s_id=None, linear_solver=None, atol=None, rtol=None, max_it=None, lmbda=None, recompute=None, compiler_parameters=None, verbose=None, loglevel=None, save_step=None, dt=None, T=None, p_deg=None, v_deg=None, d_deg=None, new_arguments=None)
Namespace(problem='TF_fsi', theta=None, fluid=None, solid=None, extrapolation=None, extrapolation_sub_type=None, bc_ids=None, Um=None, rho_f=None, mu_f=None, rho_s=None, mu_s=None, nu_s=None, lambda_s=None, gravity=None, dx_f_id=None, dx_s_id=None, linear_solver=None, atol=None, rtol=None, max_it=None, lmbda=None, recompute=None, compiler_parameters=None, verbose=None, loglevel=None, save_step=None, dt=None, T=None, p_deg=None, v_deg=None, d_deg=None, new_arguments=None)
/home/yifanwan/Membrane_pancreas_FSI/NSBiot_lowp/TF_fsi.py
/home/yifanwan/Membrane_pancreas_FSI/NSBiot_lowp/TF_fsi.py
/home/yifanwan/Membrane_pancreas_FSI/NSBiot_lowp/TF_fsi.py
/home/yifanwan/Membrane_pancreas_FSI/NSBiot_lowp/TF_fsi.py
/home/yifanwan/Membrane_pancreas_FSI/NSBiot_lowp/TF_fsi.py
/home/yifanwan/Membrane_pancreas_FSI/NSBiot_lowp/TF_fsi.py
/home/yifanwan/Membrane_pancreas_FSI/NSBiot_lowp/TF_fsi.py
/home/yifanwan/Membrane_pancreas_FSI/NSBiot_lowp/TF_fsi.py
/home/yifanwan/Membrane_pancreas_FSI/NSBiot_lowp/TF_fsi.py
/home/yifanwan/Membrane_pancreas_FSI/NSBiot_lowp/TF_fsi.py
Calling FFC just-in-time (JIT) compiler, this may take some time.
Calling FFC just-in-time (JIT) compiler, this may take some time.
Calling FFC just-in-time (JIT) compiler, this may take some time.
Calling FFC just-in-time (JIT) compiler, this may take some time.
Calling FFC just-in-time (JIT) compiler, this may take some time.
Calling FFC just-in-time (JIT) compiler, this may take some time.
Calling FFC just-in-time (JIT) compiler, this may take some time.
Calling FFC just-in-time (JIT) compiler, this may take some time.
Calling FFC just-in-time (JIT) compiler, this may take some time.
Calling FFC just-in-time (JIT) compiler, this may take some time.
Calling FFC just-in-time (JIT) compiler, this may take some time.
Calling FFC just-in-time (JIT) compiler, this may take some time.
Calling FFC just-in-time (JIT) compiler, this may take some time.
Calling FFC just-in-time (JIT) compiler, this may take some time.
Calling FFC just-in-time (JIT) compiler, this may take some time.
Calling FFC just-in-time (JIT) compiler, this may take some time.
Calling FFC just-in-time (JIT) compiler, this may take some time.
Calling FFC just-in-time (JIT) compiler, this may take some time.
Calling FFC just-in-time (JIT) compiler, this may take some time.
Calling FFC just-in-time (JIT) compiler, this may take some time.
WARNING: user expression has not supplied value_shape method or an element. Assuming scalar element.
WARNING: user expression has not supplied value_shape method or an element. Assuming scalar element.
WARNING: user expression has not supplied value_shape method or an element. Assuming scalar element.
WARNING: user expression has not supplied value_shape method or an element. Assuming scalar element.
WARNING: user expression has not supplied value_shape method or an element. Assuming scalar element.
WARNING: user expression has not supplied value_shape method or an element. Assuming scalar element.
WARNING: user expression has not supplied value_shape method or an element. Assuming scalar element.
WARNING: user expression has not supplied value_shape method or an element. Assuming scalar element.
WARNING: user expression has not supplied value_shape method or an element. Assuming scalar element.
WARNING: user expression has not supplied value_shape method or an element. Assuming scalar element.
WARNING: user expression has not supplied value_shape method or an element. Assuming scalar element.
WARNING: user expression has not supplied value_shape method or an element. Assuming scalar element.
WARNING: user expression has not supplied value_shape method or an element. Assuming scalar element.
WARNING: user expression has not supplied value_shape method or an element. Assuming scalar element.
WARNING: user expression has not supplied value_shape method or an element. Assuming scalar element.
WARNING: user expression has not supplied value_shape method or an element. Assuming scalar element.
WARNING: user expression has not supplied value_shape method or an element. Assuming scalar element.
WARNING: user expression has not supplied value_shape method or an element. Assuming scalar element.
WARNING: user expression has not supplied value_shape method or an element. Assuming scalar element.
WARNING: user expression has not supplied value_shape method or an element. Assuming scalar element.
251677.8523489933
251677.8523489933
251677.8523489933
251677.8523489933
251677.8523489933
251677.8523489933
251677.8523489933
251677.8523489933
Solving for timestep 1, time 0.0500
251677.8523489933
251677.8523489933
251677.8523489933
251677.8523489933
251677.8523489933
251677.8523489933
251677.8523489933
251677.8523489933
0.05self.factor====-0.02311999700154027
0.05self.factor====-0.02311999700154027
0.05self.factor====-0.02311999700154027
0.05self.factor====-0.02311999700154027
0.05self.factor====-0.02311999700154027
251677.8523489933
0.05self.factor====-0.02311999700154027
0.05self.factor====-0.02311999700154027
0.05self.factor====-0.02311999700154027
251677.8523489933
251677.8523489933
251677.8523489933
0.05self.factor====-0.02311999700154027
0.05self.factor====-0.02311999700154027
0.05self.factor====-0.02311999700154027
0.05self.factor====-0.02311999700154027
0.05self.factor====-0.02311999700154027
0.05self.factor====-0.02311999700154027
0.05self.factor====-0.02311999700154027
0.05self.factor====-0.02311999700154027
0.05self.factor====-0.02311999700154027
0.05self.factor====-0.02311999700154027
0.05self.factor====-0.02311999700154027
0.05self.factor====-0.02311999700154027
Calling FFC just-in-time (JIT) compiler, this may take some time.
Calling FFC just-in-time (JIT) compiler, this may take some time.
Calling FFC just-in-time (JIT) compiler, this may take some time.
Calling FFC just-in-time (JIT) compiler, this may take some time.
Calling FFC just-in-time (JIT) compiler, this may take some time.
Calling FFC just-in-time (JIT) compiler, this may take some time.
Calling FFC just-in-time (JIT) compiler, this may take some time.
Calling FFC just-in-time (JIT) compiler, this may take some time.
Calling FFC just-in-time (JIT) compiler, this may take some time.
Calling FFC just-in-time (JIT) compiler, this may take some time.
Calling FFC just-in-time (JIT) compiler, this may take some time.
Calling FFC just-in-time (JIT) compiler, this may take some time.
Calling FFC just-in-time (JIT) compiler, this may take some time.
Calling FFC just-in-time (JIT) compiler, this may take some time.
Calling FFC just-in-time (JIT) compiler, this may take some time.
Calling FFC just-in-time (JIT) compiler, this may take some time.
Calling FFC just-in-time (JIT) compiler, this may take some time.
Calling FFC just-in-time (JIT) compiler, this may take some time.
Calling FFC just-in-time (JIT) compiler, this may take some time.
Calling FFC just-in-time (JIT) compiler, this may take some time.
Calling FFC just-in-time (JIT) compiler, this may take some time.
  WARNING: The number of integration points for each cell will be: 729
           Consider using the option 'quadrature_degree' to reduce the number of points
  WARNING: The number of integration points for each cell will be: 729
           Consider using the option 'quadrature_degree' to reduce the number of points
Calling FFC just-in-time (JIT) compiler, this may take some time.
Calling FFC just-in-time (JIT) compiler, this may take some time.
Calling FFC just-in-time (JIT) compiler, this may take some time.
Calling FFC just-in-time (JIT) compiler, this may take some time.
Calling FFC just-in-time (JIT) compiler, this may take some time.
Calling FFC just-in-time (JIT) compiler, this may take some time.
Calling FFC just-in-time (JIT) compiler, this may take some time.
Calling FFC just-in-time (JIT) compiler, this may take some time.
Calling FFC just-in-time (JIT) compiler, this may take some time.
Calling FFC just-in-time (JIT) compiler, this may take some time.
Calling FFC just-in-time (JIT) compiler, this may take some time.
Calling FFC just-in-time (JIT) compiler, this may take some time.
Calling FFC just-in-time (JIT) compiler, this may take some time.
Calling FFC just-in-time (JIT) compiler, this may take some time.
Calling FFC just-in-time (JIT) compiler, this may take some time.
Calling FFC just-in-time (JIT) compiler, this may take some time.
Calling FFC just-in-time (JIT) compiler, this may take some time.
Calling FFC just-in-time (JIT) compiler, this may take some time.
Calling FFC just-in-time (JIT) compiler, this may take some time.
  WARNING: The number of integration points for each cell will be: 729
           Consider using the option 'quadrature_degree' to reduce the number of points
  WARNING: The number of integration points for each cell will be: 729
           Consider using the option 'quadrature_degree' to reduce the number of points
  WARNING: The number of integration points for each cell will be: 729
           Consider using the option 'quadrature_degree' to reduce the number of points
  WARNING: The number of integration points for each cell will be: 729
           Consider using the option 'quadrature_degree' to reduce the number of points
  WARNING: The number of integration points for each cell will be: 729
           Consider using the option 'quadrature_degree' to reduce the number of points
  WARNING: The number of integration points for each cell will be: 729
  WARNING: The number of integration points for each cell will be: 729
           Consider using the option 'quadrature_degree' to reduce the number of points
           Consider using the option 'quadrature_degree' to reduce the number of points
  WARNING: The number of integration points for each cell will be: 729
           Consider using the option 'quadrature_degree' to reduce the number of points
  WARNING: The number of integration points for each cell will be: 729
           Consider using the option 'quadrature_degree' to reduce the number of points
  WARNING: The number of integration points for each cell will be: 729
           Consider using the option 'quadrature_degree' to reduce the number of points
  WARNING: The number of integration points for each cell will be: 729
           Consider using the option 'quadrature_degree' to reduce the number of points
  WARNING: The number of integration points for each cell will be: 729
           Consider using the option 'quadrature_degree' to reduce the number of points
  WARNING: The number of integration points for each cell will be: 729
           Consider using the option 'quadrature_degree' to reduce the number of points
  WARNING: The number of integration points for each cell will be: 729
           Consider using the option 'quadrature_degree' to reduce the number of points
  WARNING: The number of integration points for each cell will be: 729
           Consider using the option 'quadrature_degree' to reduce the number of points
  WARNING: The number of integration points for each cell will be: 729
           Consider using the option 'quadrature_degree' to reduce the number of points
  WARNING: The number of integration points for each cell will be: 729
           Consider using the option 'quadrature_degree' to reduce the number of points
  WARNING: The number of integration points for each cell will be: 729
           Consider using the option 'quadrature_degree' to reduce the number of points
  WARNING: The number of integration points for each cell will be: 729
           Consider using the option 'quadrature_degree' to reduce the number of points
  WARNING: The number of integration points for each cell will be: 729
           Consider using the option 'quadrature_degree' to reduce the number of points
  WARNING: The number of integration points for each cell will be: 729
           Consider using the option 'quadrature_degree' to reduce the number of points
  WARNING: The number of integration points for each cell will be: 729
           Consider using the option 'quadrature_degree' to reduce the number of points
  WARNING: The number of integration points for each cell will be: 729
           Consider using the option 'quadrature_degree' to reduce the number of points
  WARNING: The number of integration points for each cell will be: 729
           Consider using the option 'quadrature_degree' to reduce the number of points
  WARNING: The number of integration points for each cell will be: 729
           Consider using the option 'quadrature_degree' to reduce the number of points
  WARNING: The number of integration points for each cell will be: 729
           Consider using the option 'quadrature_degree' to reduce the number of points
  WARNING: The number of integration points for each cell will be: 729
           Consider using the option 'quadrature_degree' to reduce the number of points
  WARNING: The number of integration points for each cell will be: 729
           Consider using the option 'quadrature_degree' to reduce the number of points
  WARNING: The number of integration points for each cell will be: 729
           Consider using the option 'quadrature_degree' to reduce the number of points
  WARNING: The number of integration points for each cell will be: 729
           Consider using the option 'quadrature_degree' to reduce the number of points
  WARNING: The number of integration points for each cell will be: 729
           Consider using the option 'quadrature_degree' to reduce the number of points
  WARNING: The number of integration points for each cell will be: 729
           Consider using the option 'quadrature_degree' to reduce the number of points
  WARNING: The number of integration points for each cell will be: 729
           Consider using the option 'quadrature_degree' to reduce the number of points
  WARNING: The number of integration points for each cell will be: 729
           Consider using the option 'quadrature_degree' to reduce the number of points
  WARNING: The number of integration points for each cell will be: 729
           Consider using the option 'quadrature_degree' to reduce the number of points
  WARNING: The number of integration points for each cell will be: 729
           Consider using the option 'quadrature_degree' to reduce the number of points
  WARNING: The number of integration points for each cell will be: 729
           Consider using the option 'quadrature_degree' to reduce the number of points
  WARNING: The number of integration points for each cell will be: 729
           Consider using the option 'quadrature_degree' to reduce the number of points
Newton iteration 0: r (atol) = 1.837e+02 (tol = 1.000e-07), r (rel) = 2.142e+02 (tol = 1.000e-07) 
Newton iteration 1: r (atol) = 1.419e-01 (tol = 1.000e-07), r (rel) = 4.282e+02 (tol = 1.000e-07) 
